<?xml version="1.0" encoding="UTF-8" standalone="yes"?><!DOCTYPE report PUBLIC "-//JACOCO//DTD Report 1.1//EN" "report.dtd"><report name="parking-system"><sessioninfo id="DELL-XPS-EFE-a95227d2" start="1638353392086" dump="1638353394813"/><sessioninfo id="DELL-XPS-EFE-6f945094" start="1638353430584" dump="1638353434553"/><package name="com/parkit/parkingsystem/service"><class name="com/parkit/parkingsystem/service/FareCalculatorService" sourcefilename="FareCalculatorService.java"><method name="&lt;init&gt;" desc="()V" line="10"><counter type="INSTRUCTION" missed="0" covered="3"/><counter type="LINE" missed="0" covered="1"/><counter type="COMPLEXITY" missed="0" covered="1"/><counter type="METHOD" missed="0" covered="1"/></method><method name="calculateFare" desc="(Lcom/parkit/parkingsystem/model/Ticket;)V" line="18"><counter type="INSTRUCTION" missed="5" covered="68"/><counter type="BRANCH" missed="2" covered="9"/><counter type="LINE" missed="1" covered="14"/><counter type="COMPLEXITY" missed="2" covered="5"/><counter type="METHOD" missed="0" covered="1"/></method><method name="applyDiscount" desc="(Lcom/parkit/parkingsystem/model/Ticket;)V" line="53"><counter type="INSTRUCTION" missed="0" covered="7"/><counter type="LINE" missed="0" covered="2"/><counter type="COMPLEXITY" missed="0" covered="1"/><counter type="METHOD" missed="0" covered="1"/></method><method name="freeParking" desc="(Lcom/parkit/parkingsystem/model/Ticket;)V" line="62"><counter type="INSTRUCTION" missed="0" covered="4"/><counter type="LINE" missed="0" covered="2"/><counter type="COMPLEXITY" missed="0" covered="1"/><counter type="METHOD" missed="0" covered="1"/></method><counter type="INSTRUCTION" missed="5" covered="82"/><counter type="BRANCH" missed="2" covered="9"/><counter type="LINE" missed="1" covered="19"/><counter type="COMPLEXITY" missed="2" covered="8"/><counter type="METHOD" missed="0" covered="4"/><counter type="CLASS" missed="0" covered="1"/></class><class name="com/parkit/parkingsystem/service/ParkingService" sourcefilename="ParkingService.java"><method name="&lt;init&gt;" desc="(Lcom/parkit/parkingsystem/util/InputReaderUtil;Lcom/parkit/parkingsystem/dao/ParkingSpotDao;Lcom/parkit/parkingsystem/dao/TicketDao;)V" line="34"><counter type="INSTRUCTION" missed="0" covered="12"/><counter type="LINE" missed="0" covered="5"/><counter type="COMPLEXITY" missed="0" covered="1"/><counter type="METHOD" missed="0" covered="1"/></method><method name="processIncomingVehicle" desc="()V" line="44"><counter type="INSTRUCTION" missed="0" covered="4"/><counter type="LINE" missed="0" covered="2"/><counter type="COMPLEXITY" missed="0" covered="1"/><counter type="METHOD" missed="0" covered="1"/></method><method name="processIncomingVehicleSpecialInTimeDate" desc="(Ljava/time/LocalDateTime;)V" line="55"><counter type="INSTRUCTION" missed="5" covered="96"/><counter type="BRANCH" missed="2" covered="6"/><counter type="LINE" missed="2" covered="23"/><counter type="COMPLEXITY" missed="2" covered="3"/><counter type="METHOD" missed="0" covered="1"/></method><method name="getVehicleRegNumber" desc="()Ljava/lang/String;" line="98"><counter type="INSTRUCTION" missed="0" covered="7"/><counter type="LINE" missed="0" covered="2"/><counter type="COMPLEXITY" missed="0" covered="1"/><counter type="METHOD" missed="0" covered="1"/></method><method name="getNextParkingNumberIfAvailable" desc="()Lcom/parkit/parkingsystem/model/ParkingSpot;" line="108"><counter type="INSTRUCTION" missed="16" covered="25"/><counter type="BRANCH" missed="1" covered="1"/><counter type="LINE" missed="5" covered="8"/><counter type="COMPLEXITY" missed="1" covered="1"/><counter type="METHOD" missed="0" covered="1"/></method><method name="getVehicleType" desc="()Lcom/parkit/parkingsystem/constants/ParkingType;" line="127"><counter type="INSTRUCTION" missed="10" covered="17"/><counter type="BRANCH" missed="2" covered="1"/><counter type="LINE" missed="3" covered="6"/><counter type="COMPLEXITY" missed="2" covered="1"/><counter type="METHOD" missed="0" covered="1"/></method><method name="processExitingVehicle" desc="()V" line="149"><counter type="INSTRUCTION" missed="0" covered="4"/><counter type="LINE" missed="0" covered="2"/><counter type="COMPLEXITY" missed="0" covered="1"/><counter type="METHOD" missed="0" covered="1"/></method><method name="processExitingVehicleSpecialDate" desc="(Ljava/time/LocalDateTime;)V" line="160"><counter type="INSTRUCTION" missed="8" covered="63"/><counter type="BRANCH" missed="1" covered="1"/><counter type="LINE" missed="3" covered="15"/><counter type="COMPLEXITY" missed="1" covered="1"/><counter type="METHOD" missed="0" covered="1"/></method><method name="&lt;clinit&gt;" desc="()V" line="18"><counter type="INSTRUCTION" missed="0" covered="8"/><counter type="LINE" missed="0" covered="2"/><counter type="COMPLEXITY" missed="0" covered="1"/><counter type="METHOD" missed="0" covered="1"/></method><counter type="INSTRUCTION" missed="39" covered="236"/><counter type="BRANCH" missed="6" covered="9"/><counter type="LINE" missed="13" covered="65"/><counter type="COMPLEXITY" missed="6" covered="11"/><counter type="METHOD" missed="0" covered="9"/><counter type="CLASS" missed="0" covered="1"/></class><class name="com/parkit/parkingsystem/service/InteractiveShell" sourcefilename="InteractiveShell.java"><method name="&lt;init&gt;" desc="()V" line="12"><counter type="INSTRUCTION" missed="3" covered="0"/><counter type="LINE" missed="1" covered="0"/><counter type="COMPLEXITY" missed="1" covered="0"/><counter type="METHOD" missed="1" covered="0"/></method><method name="loadInterface" desc="()V" line="20"><counter type="INSTRUCTION" missed="52" covered="0"/><counter type="BRANCH" missed="6" covered="0"/><counter type="LINE" missed="21" covered="0"/><counter type="COMPLEXITY" missed="5" covered="0"/><counter type="METHOD" missed="1" covered="0"/></method><method name="loadMenu" desc="()V" line="54"><counter type="INSTRUCTION" missed="13" covered="0"/><counter type="LINE" missed="5" covered="0"/><counter type="COMPLEXITY" missed="1" covered="0"/><counter type="METHOD" missed="1" covered="0"/></method><method name="&lt;clinit&gt;" desc="()V" line="14"><counter type="INSTRUCTION" missed="4" covered="0"/><counter type="LINE" missed="1" covered="0"/><counter type="COMPLEXITY" missed="1" covered="0"/><counter type="METHOD" missed="1" covered="0"/></method><counter type="INSTRUCTION" missed="72" covered="0"/><counter type="BRANCH" missed="6" covered="0"/><counter type="LINE" missed="28" covered="0"/><counter type="COMPLEXITY" missed="8" covered="0"/><counter type="METHOD" missed="4" covered="0"/><counter type="CLASS" missed="1" covered="0"/></class><sourcefile name="ParkingService.java"><line nr="18" mi="0" ci="3" mb="0" cb="0"/><line nr="19" mi="0" ci="5" mb="0" cb="0"/><line nr="34" mi="0" ci="2" mb="0" cb="0"/><line nr="35" mi="0" ci="3" mb="0" cb="0"/><line nr="36" mi="0" ci="3" mb="0" cb="0"/><line nr="37" mi="0" ci="3" mb="0" cb="0"/><line nr="38" mi="0" ci="1" mb="0" cb="0"/><line nr="44" mi="0" ci="3" mb="0" cb="0"/><line nr="45" mi="0" ci="1" mb="0" cb="0"/><line nr="55" mi="0" ci="3" mb="0" cb="0"/><line nr="56" mi="0" ci="5" mb="2" cb="2"/><line nr="57" mi="0" ci="3" mb="0" cb="0"/><line nr="59" mi="0" ci="5" mb="0" cb="0"/><line nr="60" mi="0" ci="4" mb="0" cb="0"/><line nr="61" mi="0" ci="4" mb="0" cb="0"/><line nr="63" mi="0" ci="3" mb="0" cb="0"/><line nr="64" mi="0" ci="3" mb="0" cb="0"/><line nr="65" mi="0" ci="3" mb="0" cb="0"/><line nr="66" mi="0" ci="3" mb="0" cb="0"/><line nr="67" mi="0" ci="3" mb="0" cb="0"/><line nr="68" mi="0" ci="3" mb="0" cb="0"/><line nr="69" mi="0" ci="5" mb="0" cb="0"/><line nr="73" mi="0" ci="5" mb="0" cb="0"/><line nr="74" mi="0" ci="5" mb="0" cb="4"/><line nr="75" mi="0" ci="3" mb="0" cb="0"/><line nr="78" mi="0" ci="3" mb="0" cb="0"/><line nr="81" mi="0" ci="3" mb="0" cb="0"/><line nr="87" mi="0" ci="3" mb="0" cb="0"/><line nr="88" mi="0" ci="11" mb="0" cb="0"/><line nr="89" mi="0" ci="14" mb="0" cb="0"/><line nr="92" mi="1" ci="0" mb="0" cb="0"/><line nr="93" mi="4" ci="0" mb="0" cb="0"/><line nr="94" mi="0" ci="1" mb="0" cb="0"/><line nr="95" mi="0" ci="1" mb="0" cb="0"/><line nr="98" mi="0" ci="3" mb="0" cb="0"/><line nr="99" mi="0" ci="4" mb="0" cb="0"/><line nr="108" mi="0" ci="2" mb="0" cb="0"/><line nr="109" mi="0" ci="2" mb="0" cb="0"/><line nr="111" mi="0" ci="3" mb="0" cb="0"/><line nr="112" mi="0" ci="5" mb="0" cb="0"/><line nr="113" mi="0" ci="2" mb="1" cb="1"/><line nr="114" mi="0" ci="8" mb="0" cb="0"/><line nr="116" mi="5" ci="0" mb="0" cb="0"/><line nr="118" mi="1" ci="0" mb="0" cb="0"/><line nr="119" mi="4" ci="0" mb="0" cb="0"/><line nr="120" mi="1" ci="0" mb="0" cb="0"/><line nr="121" mi="4" ci="0" mb="0" cb="0"/><line nr="122" mi="1" ci="1" mb="0" cb="0"/><line nr="123" mi="0" ci="2" mb="0" cb="0"/><line nr="127" mi="0" ci="3" mb="0" cb="0"/><line nr="128" mi="0" ci="3" mb="0" cb="0"/><line nr="129" mi="0" ci="3" mb="0" cb="0"/><line nr="130" mi="0" ci="4" mb="0" cb="0"/><line nr="131" mi="0" ci="2" mb="2" cb="1"/><line nr="133" mi="0" ci="2" mb="0" cb="0"/><line nr="136" mi="2" ci="0" mb="0" cb="0"/><line nr="139" mi="3" ci="0" mb="0" cb="0"/><line nr="140" mi="5" ci="0" mb="0" cb="0"/><line nr="149" mi="0" ci="3" mb="0" cb="0"/><line nr="150" mi="0" ci="1" mb="0" cb="0"/><line nr="160" mi="0" ci="3" mb="0" cb="0"/><line nr="161" mi="0" ci="5" mb="0" cb="0"/><line nr="162" mi="0" ci="4" mb="0" cb="0"/><line nr="163" mi="0" ci="3" mb="0" cb="0"/><line nr="165" mi="0" ci="3" mb="0" cb="0"/><line nr="168" mi="0" ci="5" mb="1" cb="1"/><line nr="169" mi="0" ci="3" mb="0" cb="0"/><line nr="170" mi="0" ci="3" mb="0" cb="0"/><line nr="171" mi="0" ci="5" mb="0" cb="0"/><line nr="172" mi="0" ci="11" mb="0" cb="0"/><line nr="173" mi="0" ci="8" mb="0" cb="0"/><line nr="174" mi="0" ci="7" mb="0" cb="0"/><line nr="176" mi="0" ci="1" mb="0" cb="0"/><line nr="177" mi="3" ci="0" mb="0" cb="0"/><line nr="179" mi="1" ci="0" mb="0" cb="0"/><line nr="180" mi="4" ci="0" mb="0" cb="0"/><line nr="181" mi="0" ci="1" mb="0" cb="0"/><line nr="182" mi="0" ci="1" mb="0" cb="0"/><counter type="INSTRUCTION" missed="39" covered="236"/><counter type="BRANCH" missed="6" covered="9"/><counter type="LINE" missed="13" covered="65"/><counter type="COMPLEXITY" missed="6" covered="11"/><counter type="METHOD" missed="0" covered="9"/><counter type="CLASS" missed="0" covered="1"/></sourcefile><sourcefile name="InteractiveShell.java"><line nr="12" mi="3" ci="0" mb="0" cb="0"/><line nr="14" mi="4" ci="0" mb="0" cb="0"/><line nr="20" mi="3" ci="0" mb="0" cb="0"/><line nr="21" mi="3" ci="0" mb="0" cb="0"/><line nr="23" mi="2" ci="0" mb="0" cb="0"/><line nr="24" mi="4" ci="0" mb="0" cb="0"/><line nr="25" mi="4" ci="0" mb="0" cb="0"/><line nr="26" mi="4" ci="0" mb="0" cb="0"/><line nr="27" mi="7" ci="0" mb="0" cb="0"/><line nr="29" mi="2" ci="0" mb="2" cb="0"/><line nr="30" mi="1" ci="0" mb="0" cb="0"/><line nr="31" mi="3" ci="0" mb="0" cb="0"/><line nr="32" mi="2" ci="0" mb="4" cb="0"/><line nr="34" mi="2" ci="0" mb="0" cb="0"/><line nr="35" mi="1" ci="0" mb="0" cb="0"/><line nr="38" mi="2" ci="0" mb="0" cb="0"/><line nr="39" mi="1" ci="0" mb="0" cb="0"/><line nr="42" mi="3" ci="0" mb="0" cb="0"/><line nr="43" mi="2" ci="0" mb="0" cb="0"/><line nr="44" mi="1" ci="0" mb="0" cb="0"/><line nr="47" mi="3" ci="0" mb="0" cb="0"/><line nr="50" mi="1" ci="0" mb="0" cb="0"/><line nr="51" mi="1" ci="0" mb="0" cb="0"/><line nr="54" mi="3" ci="0" mb="0" cb="0"/><line nr="55" mi="3" ci="0" mb="0" cb="0"/><line nr="56" mi="3" ci="0" mb="0" cb="0"/><line nr="57" mi="3" ci="0" mb="0" cb="0"/><line nr="58" mi="1" ci="0" mb="0" cb="0"/><counter type="INSTRUCTION" missed="72" covered="0"/><counter type="BRANCH" missed="6" covered="0"/><counter type="LINE" missed="28" covered="0"/><counter type="COMPLEXITY" missed="8" covered="0"/><counter type="METHOD" missed="4" covered="0"/><counter type="CLASS" missed="1" covered="0"/></sourcefile><sourcefile name="FareCalculatorService.java"><line nr="10" mi="0" ci="3" mb="0" cb="0"/><line nr="18" mi="0" ci="9" mb="1" cb="3"/><line nr="19" mi="0" ci="8" mb="0" cb="0"/><line nr="20" mi="0" ci="6" mb="0" cb="0"/><line nr="23" mi="0" ci="8" mb="0" cb="0"/><line nr="25" mi="0" ci="4" mb="0" cb="2"/><line nr="26" mi="0" ci="7" mb="1" cb="2"/><line nr="28" mi="0" ci="7" mb="0" cb="0"/><line nr="29" mi="0" ci="1" mb="0" cb="0"/><line nr="32" mi="0" ci="7" mb="0" cb="0"/><line nr="33" mi="0" ci="1" mb="0" cb="0"/><line nr="36" mi="5" ci="0" mb="0" cb="0"/><line nr="39" mi="0" ci="3" mb="0" cb="0"/><line nr="42" mi="0" ci="3" mb="0" cb="2"/><line nr="43" mi="0" ci="3" mb="0" cb="0"/><line nr="45" mi="0" ci="1" mb="0" cb="0"/><line nr="53" mi="0" ci="6" mb="0" cb="0"/><line nr="54" mi="0" ci="1" mb="0" cb="0"/><line nr="62" mi="0" ci="3" mb="0" cb="0"/><line nr="63" mi="0" ci="1" mb="0" cb="0"/><counter type="INSTRUCTION" missed="5" covered="82"/><counter type="BRANCH" missed="2" covered="9"/><counter type="LINE" missed="1" covered="19"/><counter type="COMPLEXITY" missed="2" covered="8"/><counter type="METHOD" missed="0" covered="4"/><counter type="CLASS" missed="0" covered="1"/></sourcefile><counter type="INSTRUCTION" missed="116" covered="318"/><counter type="BRANCH" missed="14" covered="18"/><counter type="LINE" missed="42" covered="84"/><counter type="COMPLEXITY" missed="16" covered="19"/><counter type="METHOD" missed="4" covered="13"/><counter type="CLASS" missed="1" covered="2"/></package><package name="com/parkit/parkingsystem"><class name="com/parkit/parkingsystem/App" sourcefilename="App.java"><method name="&lt;init&gt;" desc="()V" line="10"><counter type="INSTRUCTION" missed="3" covered="0"/><counter type="LINE" missed="1" covered="0"/><counter type="COMPLEXITY" missed="1" covered="0"/><counter type="METHOD" missed="1" covered="0"/></method><method name="main" desc="([Ljava/lang/String;)V" line="19"><counter type="INSTRUCTION" missed="5" covered="0"/><counter type="LINE" missed="3" covered="0"/><counter type="COMPLEXITY" missed="1" covered="0"/><counter type="METHOD" missed="1" covered="0"/></method><method name="&lt;clinit&gt;" desc="()V" line="11"><counter type="INSTRUCTION" missed="4" covered="0"/><counter type="LINE" missed="1" covered="0"/><counter type="COMPLEXITY" missed="1" covered="0"/><counter type="METHOD" missed="1" covered="0"/></method><counter type="INSTRUCTION" missed="12" covered="0"/><counter type="LINE" missed="5" covered="0"/><counter type="COMPLEXITY" missed="3" covered="0"/><counter type="METHOD" missed="3" covered="0"/><counter type="CLASS" missed="1" covered="0"/></class><sourcefile name="App.java"><line nr="10" mi="3" ci="0" mb="0" cb="0"/><line nr="11" mi="4" ci="0" mb="0" cb="0"/><line nr="19" mi="3" ci="0" mb="0" cb="0"/><line nr="20" mi="1" ci="0" mb="0" cb="0"/><line nr="21" mi="1" ci="0" mb="0" cb="0"/><counter type="INSTRUCTION" missed="12" covered="0"/><counter type="LINE" missed="5" covered="0"/><counter type="COMPLEXITY" missed="3" covered="0"/><counter type="METHOD" missed="3" covered="0"/><counter type="CLASS" missed="1" covered="0"/></sourcefile><counter type="INSTRUCTION" missed="12" covered="0"/><counter type="LINE" missed="5" covered="0"/><counter type="COMPLEXITY" missed="3" covered="0"/><counter type="METHOD" missed="3" covered="0"/><counter type="CLASS" missed="1" covered="0"/></package><package name="com/parkit/parkingsystem/model"><class name="com/parkit/parkingsystem/model/ParkingSpot" sourcefilename="ParkingSpot.java"><method name="&lt;init&gt;" desc="()V" line="16"><counter type="INSTRUCTION" missed="0" covered="3"/><counter type="LINE" missed="0" covered="2"/><counter type="COMPLEXITY" missed="0" covered="1"/><counter type="METHOD" missed="0" covered="1"/></method><method name="&lt;init&gt;" desc="(ILcom/parkit/parkingsystem/constants/ParkingType;Z)V" line="26"><counter type="INSTRUCTION" missed="0" covered="12"/><counter type="LINE" missed="0" covered="5"/><counter type="COMPLEXITY" missed="0" covered="1"/><counter type="METHOD" missed="0" covered="1"/></method><method name="getId" desc="()I" line="33"><counter type="INSTRUCTION" missed="0" covered="3"/><counter type="LINE" missed="0" covered="1"/><counter type="COMPLEXITY" missed="0" covered="1"/><counter type="METHOD" missed="0" covered="1"/></method><method name="setId" desc="(I)V" line="37"><counter type="INSTRUCTION" missed="0" covered="4"/><counter type="LINE" missed="0" covered="2"/><counter type="COMPLEXITY" missed="0" covered="1"/><counter type="METHOD" missed="0" covered="1"/></method><method name="getParkingType" desc="()Lcom/parkit/parkingsystem/constants/ParkingType;" line="41"><counter type="INSTRUCTION" missed="0" covered="3"/><counter type="LINE" missed="0" covered="1"/><counter type="COMPLEXITY" missed="0" covered="1"/><counter type="METHOD" missed="0" covered="1"/></method><method name="setParkingType" desc="(Lcom/parkit/parkingsystem/constants/ParkingType;)V" line="45"><counter type="INSTRUCTION" missed="0" covered="4"/><counter type="LINE" missed="0" covered="2"/><counter type="COMPLEXITY" missed="0" covered="1"/><counter type="METHOD" missed="0" covered="1"/></method><method name="isAvailable" desc="()Z" line="49"><counter type="INSTRUCTION" missed="0" covered="3"/><counter type="LINE" missed="0" covered="1"/><counter type="COMPLEXITY" missed="0" covered="1"/><counter type="METHOD" missed="0" covered="1"/></method><method name="setAvailable" desc="(Z)V" line="53"><counter type="INSTRUCTION" missed="0" covered="4"/><counter type="LINE" missed="0" covered="2"/><counter type="COMPLEXITY" missed="0" covered="1"/><counter type="METHOD" missed="0" covered="1"/></method><method name="equals" desc="(Ljava/lang/Object;)Z" line="58"><counter type="INSTRUCTION" missed="26" covered="0"/><counter type="BRANCH" missed="8" covered="0"/><counter type="LINE" missed="6" covered="0"/><counter type="COMPLEXITY" missed="5" covered="0"/><counter type="METHOD" missed="1" covered="0"/></method><method name="hashCode" desc="()I" line="71"><counter type="INSTRUCTION" missed="3" covered="0"/><counter type="LINE" missed="1" covered="0"/><counter type="COMPLEXITY" missed="1" covered="0"/><counter type="METHOD" missed="1" covered="0"/></method><counter type="INSTRUCTION" missed="29" covered="36"/><counter type="BRANCH" missed="8" covered="0"/><counter type="LINE" missed="7" covered="16"/><counter type="COMPLEXITY" missed="6" covered="8"/><counter type="METHOD" missed="2" covered="8"/><counter type="CLASS" missed="0" covered="1"/></class><class name="com/parkit/parkingsystem/model/Ticket" sourcefilename="Ticket.java"><method name="&lt;init&gt;" desc="()V" line="10"><counter type="INSTRUCTION" missed="0" covered="3"/><counter type="LINE" missed="0" covered="1"/><counter type="COMPLEXITY" missed="0" covered="1"/><counter type="METHOD" missed="0" covered="1"/></method><method name="getId" desc="()I" line="20"><counter type="INSTRUCTION" missed="0" covered="3"/><counter type="LINE" missed="0" covered="1"/><counter type="COMPLEXITY" missed="0" covered="1"/><counter type="METHOD" missed="0" covered="1"/></method><method name="setId" desc="(I)V" line="24"><counter type="INSTRUCTION" missed="0" covered="4"/><counter type="LINE" missed="0" covered="2"/><counter type="COMPLEXITY" missed="0" covered="1"/><counter type="METHOD" missed="0" covered="1"/></method><method name="getParkingSpot" desc="()Lcom/parkit/parkingsystem/model/ParkingSpot;" line="29"><counter type="INSTRUCTION" missed="0" covered="3"/><counter type="LINE" missed="0" covered="1"/><counter type="COMPLEXITY" missed="0" covered="1"/><counter type="METHOD" missed="0" covered="1"/></method><method name="setParkingSpot" desc="(Lcom/parkit/parkingsystem/model/ParkingSpot;)V" line="34"><counter type="INSTRUCTION" missed="0" covered="4"/><counter type="LINE" missed="0" covered="2"/><counter type="COMPLEXITY" missed="0" covered="1"/><counter type="METHOD" missed="0" covered="1"/></method><method name="getVehicleRegNumber" desc="()Ljava/lang/String;" line="38"><counter type="INSTRUCTION" missed="0" covered="3"/><counter type="LINE" missed="0" covered="1"/><counter type="COMPLEXITY" missed="0" covered="1"/><counter type="METHOD" missed="0" covered="1"/></method><method name="setVehicleRegNumber" desc="(Ljava/lang/String;)V" line="42"><counter type="INSTRUCTION" missed="0" covered="4"/><counter type="LINE" missed="0" covered="2"/><counter type="COMPLEXITY" missed="0" covered="1"/><counter type="METHOD" missed="0" covered="1"/></method><method name="getPrice" desc="()D" line="46"><counter type="INSTRUCTION" missed="0" covered="3"/><counter type="LINE" missed="0" covered="1"/><counter type="COMPLEXITY" missed="0" covered="1"/><counter type="METHOD" missed="0" covered="1"/></method><method name="setPrice" desc="(D)V" line="50"><counter type="INSTRUCTION" missed="0" covered="4"/><counter type="LINE" missed="0" covered="2"/><counter type="COMPLEXITY" missed="0" covered="1"/><counter type="METHOD" missed="0" covered="1"/></method><method name="getInTime" desc="()Ljava/time/LocalDateTime;" line="54"><counter type="INSTRUCTION" missed="0" covered="3"/><counter type="LINE" missed="0" covered="1"/><counter type="COMPLEXITY" missed="0" covered="1"/><counter type="METHOD" missed="0" covered="1"/></method><method name="setInTime" desc="(Ljava/time/LocalDateTime;)V" line="58"><counter type="INSTRUCTION" missed="0" covered="4"/><counter type="LINE" missed="0" covered="2"/><counter type="COMPLEXITY" missed="0" covered="1"/><counter type="METHOD" missed="0" covered="1"/></method><method name="getOutTime" desc="()Ljava/time/LocalDateTime;" line="62"><counter type="INSTRUCTION" missed="0" covered="3"/><counter type="LINE" missed="0" covered="1"/><counter type="COMPLEXITY" missed="0" covered="1"/><counter type="METHOD" missed="0" covered="1"/></method><method name="setOutTime" desc="(Ljava/time/LocalDateTime;)V" line="66"><counter type="INSTRUCTION" missed="0" covered="4"/><counter type="LINE" missed="0" covered="2"/><counter type="COMPLEXITY" missed="0" covered="1"/><counter type="METHOD" missed="0" covered="1"/></method><method name="getAlreadyExists" desc="()Z" line="70"><counter type="INSTRUCTION" missed="0" covered="3"/><counter type="LINE" missed="0" covered="1"/><counter type="COMPLEXITY" missed="0" covered="1"/><counter type="METHOD" missed="0" covered="1"/></method><method name="setAlreadyExists" desc="(Z)V" line="74"><counter type="INSTRUCTION" missed="0" covered="4"/><counter type="LINE" missed="0" covered="2"/><counter type="COMPLEXITY" missed="0" covered="1"/><counter type="METHOD" missed="0" covered="1"/></method><counter type="INSTRUCTION" missed="0" covered="52"/><counter type="LINE" missed="0" covered="22"/><counter type="COMPLEXITY" missed="0" covered="15"/><counter type="METHOD" missed="0" covered="15"/><counter type="CLASS" missed="0" covered="1"/></class><sourcefile name="Ticket.java"><line nr="10" mi="0" ci="3" mb="0" cb="0"/><line nr="20" mi="0" ci="3" mb="0" cb="0"/><line nr="24" mi="0" ci="3" mb="0" cb="0"/><line nr="25" mi="0" ci="1" mb="0" cb="0"/><line nr="29" mi="0" ci="3" mb="0" cb="0"/><line nr="34" mi="0" ci="3" mb="0" cb="0"/><line nr="35" mi="0" ci="1" mb="0" cb="0"/><line nr="38" mi="0" ci="3" mb="0" cb="0"/><line nr="42" mi="0" ci="3" mb="0" cb="0"/><line nr="43" mi="0" ci="1" mb="0" cb="0"/><line nr="46" mi="0" ci="3" mb="0" cb="0"/><line nr="50" mi="0" ci="3" mb="0" cb="0"/><line nr="51" mi="0" ci="1" mb="0" cb="0"/><line nr="54" mi="0" ci="3" mb="0" cb="0"/><line nr="58" mi="0" ci="3" mb="0" cb="0"/><line nr="59" mi="0" ci="1" mb="0" cb="0"/><line nr="62" mi="0" ci="3" mb="0" cb="0"/><line nr="66" mi="0" ci="3" mb="0" cb="0"/><line nr="67" mi="0" ci="1" mb="0" cb="0"/><line nr="70" mi="0" ci="3" mb="0" cb="0"/><line nr="74" mi="0" ci="3" mb="0" cb="0"/><line nr="75" mi="0" ci="1" mb="0" cb="0"/><counter type="INSTRUCTION" missed="0" covered="52"/><counter type="LINE" missed="0" covered="22"/><counter type="COMPLEXITY" missed="0" covered="15"/><counter type="METHOD" missed="0" covered="15"/><counter type="CLASS" missed="0" covered="1"/></sourcefile><sourcefile name="ParkingSpot.java"><line nr="16" mi="0" ci="2" mb="0" cb="0"/><line nr="17" mi="0" ci="1" mb="0" cb="0"/><line nr="26" mi="0" ci="2" mb="0" cb="0"/><line nr="27" mi="0" ci="3" mb="0" cb="0"/><line nr="28" mi="0" ci="3" mb="0" cb="0"/><line nr="29" mi="0" ci="3" mb="0" cb="0"/><line nr="30" mi="0" ci="1" mb="0" cb="0"/><line nr="33" mi="0" ci="3" mb="0" cb="0"/><line nr="37" mi="0" ci="3" mb="0" cb="0"/><line nr="38" mi="0" ci="1" mb="0" cb="0"/><line nr="41" mi="0" ci="3" mb="0" cb="0"/><line nr="45" mi="0" ci="3" mb="0" cb="0"/><line nr="46" mi="0" ci="1" mb="0" cb="0"/><line nr="49" mi="0" ci="3" mb="0" cb="0"/><line nr="53" mi="0" ci="3" mb="0" cb="0"/><line nr="54" mi="0" ci="1" mb="0" cb="0"/><line nr="58" mi="3" ci="0" mb="2" cb="0"/><line nr="59" mi="2" ci="0" mb="0" cb="0"/><line nr="62" mi="7" ci="0" mb="4" cb="0"/><line nr="63" mi="2" ci="0" mb="0" cb="0"/><line nr="65" mi="3" ci="0" mb="0" cb="0"/><line nr="66" mi="9" ci="0" mb="2" cb="0"/><line nr="71" mi="3" ci="0" mb="0" cb="0"/><counter type="INSTRUCTION" missed="29" covered="36"/><counter type="BRANCH" missed="8" covered="0"/><counter type="LINE" missed="7" covered="16"/><counter type="COMPLEXITY" missed="6" covered="8"/><counter type="METHOD" missed="2" covered="8"/><counter type="CLASS" missed="0" covered="1"/></sourcefile><counter type="INSTRUCTION" missed="29" covered="88"/><counter type="BRANCH" missed="8" covered="0"/><counter type="LINE" missed="7" covered="38"/><counter type="COMPLEXITY" missed="6" covered="23"/><counter type="METHOD" missed="2" covered="23"/><counter type="CLASS" missed="0" covered="2"/></package><package name="com/parkit/parkingsystem/constants"><class name="com/parkit/parkingsystem/constants/Fare" sourcefilename="Fare.java"><method name="&lt;init&gt;" desc="()V" line="6"><counter type="INSTRUCTION" missed="3" covered="0"/><counter type="LINE" missed="1" covered="0"/><counter type="COMPLEXITY" missed="1" covered="0"/><counter type="METHOD" missed="1" covered="0"/></method><counter type="INSTRUCTION" missed="3" covered="0"/><counter type="LINE" missed="1" covered="0"/><counter type="COMPLEXITY" missed="1" covered="0"/><counter type="METHOD" missed="1" covered="0"/><counter type="CLASS" missed="1" covered="0"/></class><class name="com/parkit/parkingsystem/constants/ParkingType" sourcefilename="ParkingType.java"><method name="&lt;clinit&gt;" desc="()V" line="6"><counter type="INSTRUCTION" missed="0" covered="15"/><counter type="LINE" missed="0" covered="3"/><counter type="COMPLEXITY" missed="0" covered="1"/><counter type="METHOD" missed="0" covered="1"/></method><counter type="INSTRUCTION" missed="0" covered="15"/><counter type="LINE" missed="0" covered="3"/><counter type="COMPLEXITY" missed="0" covered="1"/><counter type="METHOD" missed="0" covered="1"/><counter type="CLASS" missed="0" covered="1"/></class><class name="com/parkit/parkingsystem/constants/DataBaseConstants" sourcefilename="DataBaseConstants.java"><method name="&lt;init&gt;" desc="()V" line="6"><counter type="INSTRUCTION" missed="3" covered="0"/><counter type="LINE" missed="1" covered="0"/><counter type="COMPLEXITY" missed="1" covered="0"/><counter type="METHOD" missed="1" covered="0"/></method><counter type="INSTRUCTION" missed="3" covered="0"/><counter type="LINE" missed="1" covered="0"/><counter type="COMPLEXITY" missed="1" covered="0"/><counter type="METHOD" missed="1" covered="0"/><counter type="CLASS" missed="1" covered="0"/></class><sourcefile name="DataBaseConstants.java"><line nr="6" mi="3" ci="0" mb="0" cb="0"/><counter type="INSTRUCTION" missed="3" covered="0"/><counter type="LINE" missed="1" covered="0"/><counter type="COMPLEXITY" missed="1" covered="0"/><counter type="METHOD" missed="1" covered="0"/><counter type="CLASS" missed="1" covered="0"/></sourcefile><sourcefile name="ParkingType.java"><line nr="6" mi="0" ci="3" mb="0" cb="0"/><line nr="7" mi="0" ci="6" mb="0" cb="0"/><line nr="8" mi="0" ci="6" mb="0" cb="0"/><counter type="INSTRUCTION" missed="0" covered="15"/><counter type="LINE" missed="0" covered="3"/><counter type="COMPLEXITY" missed="0" covered="1"/><counter type="METHOD" missed="0" covered="1"/><counter type="CLASS" missed="0" covered="1"/></sourcefile><sourcefile name="Fare.java"><line nr="6" mi="3" ci="0" mb="0" cb="0"/><counter type="INSTRUCTION" missed="3" covered="0"/><counter type="LINE" missed="1" covered="0"/><counter type="COMPLEXITY" missed="1" covered="0"/><counter type="METHOD" missed="1" covered="0"/><counter type="CLASS" missed="1" covered="0"/></sourcefile><counter type="INSTRUCTION" missed="6" covered="15"/><counter type="LINE" missed="2" covered="3"/><counter type="COMPLEXITY" missed="2" covered="1"/><counter type="METHOD" missed="2" covered="1"/><counter type="CLASS" missed="2" covered="1"/></package><package name="com/parkit/parkingsystem/util"><class name="com/parkit/parkingsystem/util/InputReaderUtil" sourcefilename="InputReaderUtil.java"><method name="&lt;init&gt;" desc="()V" line="10"><counter type="INSTRUCTION" missed="3" covered="0"/><counter type="LINE" missed="1" covered="0"/><counter type="COMPLEXITY" missed="1" covered="0"/><counter type="METHOD" missed="1" covered="0"/></method><method name="readSelection" desc="()I" line="22"><counter type="INSTRUCTION" missed="16" covered="0"/><counter type="LINE" missed="6" covered="0"/><counter type="COMPLEXITY" missed="1" covered="0"/><counter type="METHOD" missed="1" covered="0"/></method><method name="readVehicleRegistrationNumber" desc="()Ljava/lang/String;" line="39"><counter type="INSTRUCTION" missed="26" covered="0"/><counter type="BRANCH" missed="4" covered="0"/><counter type="LINE" missed="8" covered="0"/><counter type="COMPLEXITY" missed="3" covered="0"/><counter type="METHOD" missed="1" covered="0"/></method><method name="&lt;clinit&gt;" desc="()V" line="12"><counter type="INSTRUCTION" missed="0" covered="10"/><counter type="LINE" missed="0" covered="2"/><counter type="COMPLEXITY" missed="0" covered="1"/><counter type="METHOD" missed="0" covered="1"/></method><counter type="INSTRUCTION" missed="45" covered="10"/><counter type="BRANCH" missed="4" covered="0"/><counter type="LINE" missed="15" covered="2"/><counter type="COMPLEXITY" missed="5" covered="1"/><counter type="METHOD" missed="3" covered="1"/><counter type="CLASS" missed="0" covered="1"/></class><sourcefile name="InputReaderUtil.java"><line nr="10" mi="3" ci="0" mb="0" cb="0"/><line nr="12" mi="0" ci="3" mb="0" cb="0"/><line nr="13" mi="0" ci="7" mb="0" cb="0"/><line nr="22" mi="4" ci="0" mb="0" cb="0"/><line nr="23" mi="2" ci="0" mb="0" cb="0"/><line nr="24" mi="1" ci="0" mb="0" cb="0"/><line nr="25" mi="4" ci="0" mb="0" cb="0"/><line nr="26" mi="3" ci="0" mb="0" cb="0"/><line nr="27" mi="2" ci="0" mb="0" cb="0"/><line nr="39" mi="3" ci="0" mb="0" cb="0"/><line nr="40" mi="6" ci="0" mb="4" cb="0"/><line nr="41" mi="5" ci="0" mb="0" cb="0"/><line nr="43" mi="2" ci="0" mb="0" cb="0"/><line nr="44" mi="1" ci="0" mb="0" cb="0"/><line nr="45" mi="4" ci="0" mb="0" cb="0"/><line nr="46" mi="3" ci="0" mb="0" cb="0"/><line nr="48" mi="2" ci="0" mb="0" cb="0"/><counter type="INSTRUCTION" missed="45" covered="10"/><counter type="BRANCH" missed="4" covered="0"/><counter type="LINE" missed="15" covered="2"/><counter type="COMPLEXITY" missed="5" covered="1"/><counter type="METHOD" missed="3" covered="1"/><counter type="CLASS" missed="0" covered="1"/></sourcefile><counter type="INSTRUCTION" missed="45" covered="10"/><counter type="BRANCH" missed="4" covered="0"/><counter type="LINE" missed="15" covered="2"/><counter type="COMPLEXITY" missed="5" covered="1"/><counter type="METHOD" missed="3" covered="1"/><counter type="CLASS" missed="0" covered="1"/></package><package name="com/parkit/parkingsystem/dao"><class name="com/parkit/parkingsystem/dao/TicketDao" sourcefilename="TicketDao.java"><method name="&lt;init&gt;" desc="()V" line="20"><counter type="INSTRUCTION" missed="0" covered="8"/><counter type="LINE" missed="0" covered="2"/><counter type="COMPLEXITY" missed="0" covered="1"/><counter type="METHOD" missed="0" covered="1"/></method><method name="saveTicket" desc="(Lcom/parkit/parkingsystem/model/Ticket;)Z" line="32"><counter type="INSTRUCTION" missed="29" covered="55"/><counter type="BRANCH" missed="1" covered="1"/><counter type="LINE" missed="3" covered="13"/><counter type="COMPLEXITY" missed="1" covered="1"/><counter type="METHOD" missed="0" covered="1"/></method><method name="getTicket" desc="(Ljava/lang/String;)Lcom/parkit/parkingsystem/model/Ticket;" line="64"><counter type="INSTRUCTION" missed="34" covered="106"/><counter type="BRANCH" missed="1" covered="5"/><counter type="LINE" missed="2" covered="29"/><counter type="COMPLEXITY" missed="1" covered="3"/><counter type="METHOD" missed="0" covered="1"/></method><method name="updateTicket" desc="(Lcom/parkit/parkingsystem/model/Ticket;)Z" line="122"><counter type="INSTRUCTION" missed="7" covered="43"/><counter type="LINE" missed="3" covered="11"/><counter type="COMPLEXITY" missed="0" covered="1"/><counter type="METHOD" missed="0" covered="1"/></method><method name="&lt;clinit&gt;" desc="()V" line="21"><counter type="INSTRUCTION" missed="0" covered="4"/><counter type="LINE" missed="0" covered="1"/><counter type="COMPLEXITY" missed="0" covered="1"/><counter type="METHOD" missed="0" covered="1"/></method><counter type="INSTRUCTION" missed="70" covered="216"/><counter type="BRANCH" missed="2" covered="6"/><counter type="LINE" missed="8" covered="56"/><counter type="COMPLEXITY" missed="2" covered="7"/><counter type="METHOD" missed="0" covered="5"/><counter type="CLASS" missed="0" covered="1"/></class><class name="com/parkit/parkingsystem/dao/ParkingSpotDao" sourcefilename="ParkingSpotDao.java"><method name="&lt;init&gt;" desc="()V" line="16"><counter type="INSTRUCTION" missed="0" covered="8"/><counter type="LINE" missed="0" covered="2"/><counter type="COMPLEXITY" missed="0" covered="1"/><counter type="METHOD" missed="0" covered="1"/></method><method name="getParkingSpot" desc="(Ljava/lang/Integer;)Lcom/parkit/parkingsystem/model/ParkingSpot;" line="28"><counter type="INSTRUCTION" missed="50" covered="73"/><counter type="BRANCH" missed="4" covered="2"/><counter type="LINE" missed="5" covered="20"/><counter type="COMPLEXITY" missed="3" covered="1"/><counter type="METHOD" missed="0" covered="1"/></method><method name="getNextAvailableSlot" desc="(Lcom/parkit/parkingsystem/constants/ParkingType;)I" line="69"><counter type="INSTRUCTION" missed="5" covered="53"/><counter type="BRANCH" missed="1" covered="1"/><counter type="LINE" missed="2" covered="16"/><counter type="COMPLEXITY" missed="1" covered="1"/><counter type="METHOD" missed="0" covered="1"/></method><method name="updateParking" desc="(Lcom/parkit/parkingsystem/model/ParkingSpot;)Z" line="101"><counter type="INSTRUCTION" missed="10" covered="45"/><counter type="BRANCH" missed="1" covered="1"/><counter type="LINE" missed="3" covered="11"/><counter type="COMPLEXITY" missed="1" covered="1"/><counter type="METHOD" missed="0" covered="1"/></method><method name="&lt;clinit&gt;" desc="()V" line="17"><counter type="INSTRUCTION" missed="0" covered="4"/><counter type="LINE" missed="0" covered="1"/><counter type="COMPLEXITY" missed="0" covered="1"/><counter type="METHOD" missed="0" covered="1"/></method><counter type="INSTRUCTION" missed="65" covered="183"/><counter type="BRANCH" missed="6" covered="4"/><counter type="LINE" missed="10" covered="50"/><counter type="COMPLEXITY" missed="5" covered="5"/><counter type="METHOD" missed="0" covered="5"/><counter type="CLASS" missed="0" covered="1"/></class><sourcefile name="TicketDao.java"><line nr="20" mi="0" ci="2" mb="0" cb="0"/><line nr="21" mi="0" ci="4" mb="0" cb="0"/><line nr="22" mi="0" ci="6" mb="0" cb="0"/><line nr="32" mi="0" ci="2" mb="0" cb="0"/><line nr="33" mi="0" ci="2" mb="0" cb="0"/><line nr="35" mi="0" ci="4" mb="0" cb="0"/><line nr="36" mi="0" ci="4" mb="0" cb="0"/><line nr="38" mi="0" ci="6" mb="0" cb="0"/><line nr="39" mi="0" ci="5" mb="0" cb="0"/><line nr="40" mi="0" ci="5" mb="0" cb="0"/><line nr="41" mi="0" ci="6" mb="0" cb="0"/><line nr="42" mi="0" ci="8" mb="1" cb="1"/><line nr="43" mi="3" ci="0" mb="0" cb="0"/><line nr="44" mi="0" ci="3" mb="0" cb="0"/><line nr="45" mi="1" ci="0" mb="0" cb="0"/><line nr="46" mi="4" ci="0" mb="0" cb="0"/><line nr="48" mi="9" ci="4" mb="0" cb="0"/><line nr="49" mi="8" ci="4" mb="0" cb="0"/><line nr="50" mi="4" ci="2" mb="0" cb="0"/><line nr="64" mi="0" ci="2" mb="0" cb="0"/><line nr="65" mi="0" ci="2" mb="0" cb="0"/><line nr="66" mi="0" ci="2" mb="0" cb="0"/><line nr="67" mi="0" ci="2" mb="0" cb="0"/><line nr="69" mi="0" ci="4" mb="0" cb="0"/><line nr="71" mi="0" ci="6" mb="0" cb="0"/><line nr="75" mi="0" ci="4" mb="0" cb="0"/><line nr="77" mi="0" ci="3" mb="0" cb="0"/><line nr="81" mi="0" ci="3" mb="1" cb="1"/><line nr="82" mi="0" ci="4" mb="0" cb="0"/><line nr="83" mi="0" ci="4" mb="0" cb="0"/><line nr="84" mi="0" ci="3" mb="0" cb="0"/><line nr="85" mi="0" ci="5" mb="0" cb="0"/><line nr="87" mi="0" ci="3" mb="0" cb="0"/><line nr="88" mi="0" ci="5" mb="0" cb="0"/><line nr="89" mi="0" ci="3" mb="0" cb="0"/><line nr="90" mi="0" ci="5" mb="0" cb="0"/><line nr="91" mi="0" ci="6" mb="0" cb="0"/><line nr="92" mi="0" ci="2" mb="0" cb="0"/><line nr="93" mi="0" ci="4" mb="0" cb="2"/><line nr="94" mi="0" ci="6" mb="0" cb="0"/><line nr="98" mi="0" ci="3" mb="0" cb="0"/><line nr="99" mi="0" ci="4" mb="0" cb="2"/><line nr="100" mi="0" ci="4" mb="0" cb="0"/><line nr="102" mi="0" ci="3" mb="0" cb="0"/><line nr="105" mi="1" ci="0" mb="0" cb="0"/><line nr="106" mi="4" ci="0" mb="0" cb="0"/><line nr="108" mi="9" ci="4" mb="0" cb="0"/><line nr="109" mi="8" ci="4" mb="0" cb="0"/><line nr="110" mi="8" ci="4" mb="0" cb="0"/><line nr="111" mi="4" ci="2" mb="0" cb="0"/><line nr="122" mi="0" ci="2" mb="0" cb="0"/><line nr="123" mi="0" ci="2" mb="0" cb="0"/><line nr="125" mi="0" ci="4" mb="0" cb="0"/><line nr="126" mi="0" ci="4" mb="0" cb="0"/><line nr="127" mi="0" ci="5" mb="0" cb="0"/><line nr="128" mi="0" ci="6" mb="0" cb="0"/><line nr="129" mi="0" ci="5" mb="0" cb="0"/><line nr="130" mi="0" ci="3" mb="0" cb="0"/><line nr="131" mi="0" ci="4" mb="0" cb="0"/><line nr="132" mi="1" ci="0" mb="0" cb="0"/><line nr="133" mi="4" ci="0" mb="0" cb="0"/><line nr="135" mi="0" ci="4" mb="0" cb="0"/><line nr="136" mi="0" ci="4" mb="0" cb="0"/><line nr="138" mi="2" ci="0" mb="0" cb="0"/><counter type="INSTRUCTION" missed="70" covered="216"/><counter type="BRANCH" missed="2" covered="6"/><counter type="LINE" missed="8" covered="56"/><counter type="COMPLEXITY" missed="2" covered="7"/><counter type="METHOD" missed="0" covered="5"/><counter type="CLASS" missed="0" covered="1"/></sourcefile><sourcefile name="ParkingSpotDao.java"><line nr="16" mi="0" ci="2" mb="0" cb="0"/><line nr="17" mi="0" ci="4" mb="0" cb="0"/><line nr="19" mi="0" ci="6" mb="0" cb="0"/><line nr="28" mi="0" ci="2" mb="0" cb="0"/><line nr="29" mi="0" ci="2" mb="0" cb="0"/><line nr="30" mi="0" ci="2" mb="0" cb="0"/><line nr="31" mi="0" ci="2" mb="0" cb="0"/><line nr="33" mi="0" ci="4" mb="0" cb="0"/><line nr="34" mi="0" ci="4" mb="0" cb="0"/><line nr="36" mi="0" ci="5" mb="0" cb="0"/><line nr="37" mi="0" ci="3" mb="0" cb="0"/><line nr="38" mi="0" ci="3" mb="1" cb="1"/><line nr="39" mi="0" ci="4" mb="0" cb="0"/><line nr="40" mi="0" ci="4" mb="0" cb="0"/><line nr="41" mi="0" ci="5" mb="0" cb="0"/><line nr="42" mi="0" ci="7" mb="1" cb="1"/><line nr="43" mi="0" ci="4" mb="0" cb="0"/><line nr="44" mi="7" ci="0" mb="2" cb="0"/><line nr="45" mi="4" ci="0" mb="0" cb="0"/><line nr="47" mi="5" ci="0" mb="0" cb="0"/><line nr="50" mi="0" ci="4" mb="0" cb="0"/><line nr="51" mi="0" ci="4" mb="0" cb="0"/><line nr="52" mi="1" ci="0" mb="0" cb="0"/><line nr="53" mi="4" ci="0" mb="0" cb="0"/><line nr="55" mi="9" ci="4" mb="0" cb="0"/><line nr="56" mi="8" ci="4" mb="0" cb="0"/><line nr="57" mi="8" ci="4" mb="0" cb="0"/><line nr="58" mi="4" ci="2" mb="0" cb="0"/><line nr="69" mi="0" ci="2" mb="0" cb="0"/><line nr="70" mi="0" ci="2" mb="0" cb="0"/><line nr="71" mi="0" ci="2" mb="0" cb="0"/><line nr="72" mi="0" ci="2" mb="0" cb="0"/><line nr="74" mi="0" ci="4" mb="0" cb="0"/><line nr="75" mi="0" ci="4" mb="0" cb="0"/><line nr="76" mi="0" ci="5" mb="0" cb="0"/><line nr="77" mi="0" ci="3" mb="0" cb="0"/><line nr="78" mi="0" ci="3" mb="1" cb="1"/><line nr="79" mi="0" ci="4" mb="0" cb="0"/><line nr="81" mi="0" ci="4" mb="0" cb="0"/><line nr="82" mi="0" ci="4" mb="0" cb="0"/><line nr="83" mi="1" ci="0" mb="0" cb="0"/><line nr="84" mi="4" ci="0" mb="0" cb="0"/><line nr="86" mi="0" ci="4" mb="0" cb="0"/><line nr="87" mi="0" ci="4" mb="0" cb="0"/><line nr="88" mi="0" ci="4" mb="0" cb="0"/><line nr="90" mi="0" ci="2" mb="0" cb="0"/><line nr="101" mi="0" ci="2" mb="0" cb="0"/><line nr="102" mi="0" ci="2" mb="0" cb="0"/><line nr="104" mi="0" ci="4" mb="0" cb="0"/><line nr="105" mi="0" ci="4" mb="0" cb="0"/><line nr="106" mi="0" ci="5" mb="0" cb="0"/><line nr="107" mi="0" ci="5" mb="0" cb="0"/><line nr="108" mi="0" ci="3" mb="0" cb="0"/><line nr="109" mi="0" ci="4" mb="0" cb="0"/><line nr="110" mi="1" ci="8" mb="1" cb="1"/><line nr="111" mi="1" ci="0" mb="0" cb="0"/><line nr="112" mi="4" ci="0" mb="0" cb="0"/><line nr="113" mi="4" ci="0" mb="0" cb="0"/><line nr="115" mi="0" ci="4" mb="0" cb="0"/><line nr="116" mi="0" ci="4" mb="0" cb="0"/><counter type="INSTRUCTION" missed="65" covered="183"/><counter type="BRANCH" missed="6" covered="4"/><counter type="LINE" missed="10" covered="50"/><counter type="COMPLEXITY" missed="5" covered="5"/><counter type="METHOD" missed="0" covered="5"/><counter type="CLASS" missed="0" covered="1"/></sourcefile><counter type="INSTRUCTION" missed="135" covered="399"/><counter type="BRANCH" missed="8" covered="10"/><counter type="LINE" missed="18" covered="106"/><counter type="COMPLEXITY" missed="7" covered="12"/><counter type="METHOD" missed="0" covered="10"/><counter type="CLASS" missed="0" covered="2"/></package><package name="com/parkit/parkingsystem/config"><class name="com/parkit/parkingsystem/config/DataBaseConfig" sourcefilename="DataBaseConfig.java"><method name="&lt;init&gt;" desc="()V" line="20"><counter type="INSTRUCTION" missed="0" covered="3"/><counter type="LINE" missed="0" covered="1"/><counter type="COMPLEXITY" missed="0" covered="1"/><counter type="METHOD" missed="0" covered="1"/></method><method name="getConnection" desc="()Ljava/sql/Connection;" line="34"><counter type="INSTRUCTION" missed="92" covered="0"/><counter type="LINE" missed="19" covered="0"/><counter type="COMPLEXITY" missed="1" covered="0"/><counter type="METHOD" missed="1" covered="0"/></method><method name="closeConnection" desc="(Ljava/sql/Connection;)V" line="64"><counter type="INSTRUCTION" missed="14" covered="0"/><counter type="BRANCH" missed="2" covered="0"/><counter type="LINE" missed="7" covered="0"/><counter type="COMPLEXITY" missed="2" covered="0"/><counter type="METHOD" missed="1" covered="0"/></method><method name="closePreparedStatement" desc="(Ljava/sql/PreparedStatement;)V" line="80"><counter type="INSTRUCTION" missed="14" covered="0"/><counter type="BRANCH" missed="2" covered="0"/><counter type="LINE" missed="7" covered="0"/><counter type="COMPLEXITY" missed="2" covered="0"/><counter type="METHOD" missed="1" covered="0"/></method><method name="closeResultSet" desc="(Ljava/sql/ResultSet;)V" line="96"><counter type="INSTRUCTION" missed="14" covered="0"/><counter type="BRANCH" missed="2" covered="0"/><counter type="LINE" missed="7" covered="0"/><counter type="COMPLEXITY" missed="2" covered="0"/><counter type="METHOD" missed="1" covered="0"/></method><method name="closeFileInputStream" desc="(Ljava/io/FileInputStream;)V" line="107"><counter type="INSTRUCTION" missed="14" covered="0"/><counter type="BRANCH" missed="2" covered="0"/><counter type="LINE" missed="7" covered="0"/><counter type="COMPLEXITY" missed="2" covered="0"/><counter type="METHOD" missed="1" covered="0"/></method><method name="&lt;clinit&gt;" desc="()V" line="24"><counter type="INSTRUCTION" missed="0" covered="4"/><counter type="LINE" missed="0" covered="1"/><counter type="COMPLEXITY" missed="0" covered="1"/><counter type="METHOD" missed="0" covered="1"/></method><counter type="INSTRUCTION" missed="148" covered="7"/><counter type="BRANCH" missed="8" covered="0"/><counter type="LINE" missed="47" covered="2"/><counter type="COMPLEXITY" missed="9" covered="2"/><counter type="METHOD" missed="5" covered="2"/><counter type="CLASS" missed="0" covered="1"/></class><sourcefile name="DataBaseConfig.java"><line nr="20" mi="0" ci="3" mb="0" cb="0"/><line nr="24" mi="0" ci="4" mb="0" cb="0"/><line nr="34" mi="4" ci="0" mb="0" cb="0"/><line nr="35" mi="8" ci="0" mb="0" cb="0"/><line nr="36" mi="2" ci="0" mb="0" cb="0"/><line nr="37" mi="8" ci="0" mb="0" cb="0"/><line nr="38" mi="7" ci="0" mb="0" cb="0"/><line nr="39" mi="2" ci="0" mb="0" cb="0"/><line nr="41" mi="5" ci="0" mb="0" cb="0"/><line nr="42" mi="3" ci="0" mb="0" cb="0"/><line nr="43" mi="4" ci="0" mb="0" cb="0"/><line nr="44" mi="4" ci="0" mb="0" cb="0"/><line nr="45" mi="4" ci="0" mb="0" cb="0"/><line nr="46" mi="4" ci="0" mb="0" cb="0"/><line nr="47" mi="3" ci="0" mb="0" cb="0"/><line nr="48" mi="3" ci="0" mb="0" cb="0"/><line nr="49" mi="1" ci="0" mb="0" cb="0"/><line nr="50" mi="2" ci="0" mb="0" cb="0"/><line nr="51" mi="3" ci="0" mb="0" cb="0"/><line nr="53" mi="10" ci="0" mb="0" cb="0"/><line nr="54" mi="15" ci="0" mb="0" cb="0"/><line nr="64" mi="2" ci="0" mb="2" cb="0"/><line nr="66" mi="2" ci="0" mb="0" cb="0"/><line nr="67" mi="3" ci="0" mb="0" cb="0"/><line nr="68" mi="1" ci="0" mb="0" cb="0"/><line nr="69" mi="4" ci="0" mb="0" cb="0"/><line nr="70" mi="1" ci="0" mb="0" cb="0"/><line nr="72" mi="1" ci="0" mb="0" cb="0"/><line nr="80" mi="2" ci="0" mb="2" cb="0"/><line nr="82" mi="2" ci="0" mb="0" cb="0"/><line nr="83" mi="3" ci="0" mb="0" cb="0"/><line nr="84" mi="1" ci="0" mb="0" cb="0"/><line nr="85" mi="4" ci="0" mb="0" cb="0"/><line nr="86" mi="1" ci="0" mb="0" cb="0"/><line nr="88" mi="1" ci="0" mb="0" cb="0"/><line nr="96" mi="2" ci="0" mb="2" cb="0"/><line nr="98" mi="2" ci="0" mb="0" cb="0"/><line nr="99" mi="3" ci="0" mb="0" cb="0"/><line nr="100" mi="1" ci="0" mb="0" cb="0"/><line nr="101" mi="4" ci="0" mb="0" cb="0"/><line nr="102" mi="1" ci="0" mb="0" cb="0"/><line nr="104" mi="1" ci="0" mb="0" cb="0"/><line nr="107" mi="2" ci="0" mb="2" cb="0"/><line nr="109" mi="2" ci="0" mb="0" cb="0"/><line nr="110" mi="3" ci="0" mb="0" cb="0"/><line nr="111" mi="1" ci="0" mb="0" cb="0"/><line nr="112" mi="4" ci="0" mb="0" cb="0"/><line nr="113" mi="1" ci="0" mb="0" cb="0"/><line nr="115" mi="1" ci="0" mb="0" cb="0"/><counter type="INSTRUCTION" missed="148" covered="7"/><counter type="BRANCH" missed="8" covered="0"/><counter type="LINE" missed="47" covered="2"/><counter type="COMPLEXITY" missed="9" covered="2"/><counter type="METHOD" missed="5" covered="2"/><counter type="CLASS" missed="0" covered="1"/></sourcefile><counter type="INSTRUCTION" missed="148" covered="7"/><counter type="BRANCH" missed="8" covered="0"/><counter type="LINE" missed="47" covered="2"/><counter type="COMPLEXITY" missed="9" covered="2"/><counter type="METHOD" missed="5" covered="2"/><counter type="CLASS" missed="0" covered="1"/></package><counter type="INSTRUCTION" missed="491" covered="837"/><counter type="BRANCH" missed="42" covered="28"/><counter type="LINE" missed="136" covered="235"/><counter type="COMPLEXITY" missed="48" covered="58"/><counter type="METHOD" missed="19" covered="50"/><counter type="CLASS" missed="4" covered="9"/></report>